<?xml version="1.0" encoding="UTF-8"?>
<!-- Generated by org.testng.reporters.JUnitReportReporter -->
<testsuite skipped="0" hostname="acanthophis" name="Academy.ValidateNavigationBar" tests="1" failures="0" timestamp="2020-04-21T17:28:26 CEST" time="15.427" errors="0">
  <testcase name="testNavigateBar" time="15.427" classname="Academy.ValidateNavigationBar"/>
  <system-out/>
</testsuite> <!-- Academy.ValidateNavigationBar -->
