<?xml version="1.0" encoding="UTF-8"?>
<!-- Generated by org.testng.reporters.JUnitReportReporter -->
<testsuite skipped="0" hostname="acanthophis" name="Academy.validateTitle" tests="1" failures="0" timestamp="2020-04-21T16:49:40 CEST" time="17.462" errors="0">
  <testcase name="basePageNavegation" time="17.462" classname="Academy.validateTitle"/>
  <system-out/>
</testsuite> <!-- Academy.validateTitle -->
