<?xml version="1.0" encoding="UTF-8"?>
<!-- Generated by org.testng.reporters.JUnitReportReporter -->
<testsuite skipped="0" hostname="acanthophis" name="CucumberOptions.TestRunner" tests="4" failures="0" timestamp="2020-05-07T15:08:53 CEST" time="106.776" errors="0">
  <testcase name="feature" time="28.174" classname="CucumberOptions.TestRunner"/>
  <system-out/>
  <testcase name="feature" time="27.417" classname="CucumberOptions.TestRunner"/>
  <system-out/>
  <testcase name="feature" time="27.579" classname="CucumberOptions.TestRunner"/>
  <system-out/>
  <testcase name="feature" time="23.606" classname="CucumberOptions.TestRunner"/>
  <system-out/>
</testsuite> <!-- CucumberOptions.TestRunner -->
