<?xml version="1.0" encoding="UTF-8"?>
<!-- Generated by org.testng.reporters.JUnitReportReporter -->
<testsuite skipped="0" hostname="acanthophis" name="TestSuite.validateTitle" tests="4" failures="0" timestamp="2020-04-30T14:01:43 CEST" time="0.308" errors="0">
  <testcase name="testingValidateTitle" time="0.035" classname="TestSuite.validateTitle"/>
  <system-out/>
  <testcase name="validateEmail" time="0.079" classname="TestSuite.validateTitle"/>
  <system-out/>
  <testcase name="getPhoneNumber" time="0.159" classname="TestSuite.validateTitle"/>
  <system-out/>
  <testcase name="validateHeder" time="0.035" classname="TestSuite.validateTitle"/>
  <system-out/>
</testsuite> <!-- TestSuite.validateTitle -->
