<?xml version="1.0" encoding="UTF-8"?>
<!-- Generated by org.testng.reporters.JUnitReportReporter -->
<testsuite skipped="0" hostname="acanthophis" name="TestSuite.ValidateNavigationBar" tests="2" failures="0" timestamp="2020-04-30T14:01:43 CEST" time="0.083" errors="0">
  <testcase name="testNavigateBar" time="0.059" classname="TestSuite.ValidateNavigationBar"/>
  <system-out/>
  <testcase name="testAllCourses" time="0.024" classname="TestSuite.ValidateNavigationBar"/>
  <system-out/>
</testsuite> <!-- TestSuite.ValidateNavigationBar -->
