<?xml version="1.0" encoding="UTF-8"?>
<!-- Generated by org.testng.reporters.JUnitReportReporter -->
<testsuite skipped="0" hostname="acanthophis" name="TestSuite.HomePage" tests="3" failures="0" timestamp="2020-04-30T14:01:43 CEST" time="23.851" errors="0">
  <testcase name="basePageNavegation" time="10.795" classname="TestSuite.HomePage"/>
  <system-out/>
  <testcase name="basePageNavegation" time="6.462" classname="TestSuite.HomePage"/>
  <system-out/>
  <testcase name="basePageNavegation" time="6.594" classname="TestSuite.HomePage"/>
  <system-out/>
</testsuite> <!-- TestSuite.HomePage -->
