<?xml version="1.0" encoding="UTF-8"?>
<!-- Generated by org.testng.reporters.JUnitReportReporter -->
<testsuite skipped="0" hostname="acanthophis" name="CucumberOptions.TestRunner" tests="4" failures="0" timestamp="2020-05-06T16:58:20 CEST" time="79.833" errors="0">
  <testcase name="feature" time="22.706" classname="CucumberOptions.TestRunner"/>
  <system-out/>
  <testcase name="feature" time="17.419" classname="CucumberOptions.TestRunner"/>
  <system-out/>
  <testcase name="feature" time="13.209" classname="CucumberOptions.TestRunner"/>
  <system-out/>
  <testcase name="feature" time="26.499" classname="CucumberOptions.TestRunner"/>
  <system-out/>
</testsuite> <!-- CucumberOptions.TestRunner -->
