<?xml version="1.0" encoding="UTF-8"?>
<!-- Generated by org.testng.reporters.JUnitReportReporter -->
<testsuite skipped="0" hostname="acanthophis" name="TestSuite.CoursePage" tests="3" failures="0" timestamp="2020-04-30T14:18:53 CEST" time="5.423" errors="0">
  <testcase name="validateText" time="0.042" classname="TestSuite.CoursePage"/>
  <system-out/>
  <testcase name="clickOnCoursesButton" time="5.371" classname="TestSuite.CoursePage"/>
  <system-out/>
  <testcase name="getUri" time="0.010" classname="TestSuite.CoursePage"/>
  <system-out/>
</testsuite> <!-- TestSuite.CoursePage -->
