<?xml version="1.0" encoding="UTF-8"?>
<!-- Generated by org.testng.reporters.JUnitReportReporter -->
<testsuite skipped="0" hostname="acanthophis" name="CucumberOptions.TestRunner" tests="4" failures="0" timestamp="2020-05-07T10:37:15 CEST" time="105.371" errors="0">
  <testcase name="feature" time="30.701" classname="CucumberOptions.TestRunner"/>
  <system-out/>
  <testcase name="feature" time="26.286" classname="CucumberOptions.TestRunner"/>
  <system-out/>
  <testcase name="feature" time="26.701" classname="CucumberOptions.TestRunner"/>
  <system-out/>
  <testcase name="feature" time="21.683" classname="CucumberOptions.TestRunner"/>
  <system-out/>
</testsuite> <!-- CucumberOptions.TestRunner -->
